#! /usr/local/bin/vvp
:ivl_version "12.0 (devel)" "(s20150603-1017-g1bb355a9)";
:ivl_delay_selection "TYPICAL";
:vpi_time_precision - 12;
:vpi_module "/usr/local/lib/ivl/system.vpi";
:vpi_module "/usr/local/lib/ivl/vhdl_sys.vpi";
:vpi_module "/usr/local/lib/ivl/vhdl_textio.vpi";
:vpi_module "/usr/local/lib/ivl/v2005_math.vpi";
:vpi_module "/usr/local/lib/ivl/va_math.vpi";
S_0x5636bccbad90 .scope module, "add" "add" 2 2;
 .timescale -9 -12;
    .port_info 0 /INPUT 1 "clk";
    .port_info 1 /INPUT 4 "a";
    .port_info 2 /INPUT 4 "b";
    .port_info 3 /OUTPUT 4 "sum";
    .port_info 4 /OUTPUT 1 "c5";
o0x7fd9f8f63018 .functor BUFZ 4, C4<zzzz>; HiZ drive
v0x5636bccbc2b0_0 .net "a", 3 0, o0x7fd9f8f63018;  0 drivers
o0x7fd9f8f63048 .functor BUFZ 4, C4<zzzz>; HiZ drive
v0x5636bcd06c40_0 .net "b", 3 0, o0x7fd9f8f63048;  0 drivers
v0x5636bcd06d20_0 .var "c", 4 1;
v0x5636bcd06e10_0 .var "c5", 0 0;
o0x7fd9f8f630d8 .functor BUFZ 1, C4<z>; HiZ drive
v0x5636bcd06ed0_0 .net "clk", 0 0, o0x7fd9f8f630d8;  0 drivers
v0x5636bcd06fe0_0 .var "g", 3 0;
v0x5636bcd070c0_0 .var "p", 3 0;
v0x5636bcd071a0_0 .var "sum", 3 0;
E_0x5636bccf3790 .event posedge, v0x5636bcd06ed0_0;
    .scope S_0x5636bccbad90;
T_0 ;
    %pushi/vec4 0, 0, 1;
    %ix/load 4, 0, 0; loading -1
    %ix/sub 4, 1, 0;
    %flag_set/imm 4, 0;
    %store/vec4 v0x5636bcd06d20_0, 4, 1;
    %end;
    .thread T_0;
    .scope S_0x5636bccbad90;
T_1 ;
    %wait E_0x5636bccf3790;
    %load/vec4 v0x5636bccbc2b0_0;
    %load/vec4 v0x5636bcd06c40_0;
    %xor;
    %store/vec4 v0x5636bcd070c0_0, 0, 4;
    %load/vec4 v0x5636bccbc2b0_0;
    %load/vec4 v0x5636bcd06c40_0;
    %and;
    %store/vec4 v0x5636bcd06fe0_0, 0, 4;
    %load/vec4 v0x5636bcd070c0_0;
    %parti/s 1, 0, 2;
    %pushi/vec4 1, 1, 1;
    %and;
    %load/vec4 v0x5636bcd06fe0_0;
    %parti/s 1, 0, 2;
    %or;
    %ix/load 4, 0, 0;
    %flag_set/imm 4, 0;
    %store/vec4 v0x5636bcd06d20_0, 4, 1;
    %load/vec4 v0x5636bcd070c0_0;
    %parti/s 1, 1, 2;
    %load/vec4 v0x5636bcd06d20_0;
    %parti/s 1, 0, 2;
    %and;
    %load/vec4 v0x5636bcd06fe0_0;
    %parti/s 1, 1, 2;
    %or;
    %ix/load 4, 1, 0;
    %flag_set/imm 4, 0;
    %store/vec4 v0x5636bcd06d20_0, 4, 1;
    %load/vec4 v0x5636bcd070c0_0;
    %parti/s 1, 2, 3;
    %load/vec4 v0x5636bcd06d20_0;
    %parti/s 1, 1, 2;
    %and;
    %load/vec4 v0x5636bcd06fe0_0;
    %parti/s 1, 2, 3;
    %or;
    %ix/load 4, 2, 0;
    %flag_set/imm 4, 0;
    %store/vec4 v0x5636bcd06d20_0, 4, 1;
    %load/vec4 v0x5636bcd070c0_0;
    %parti/s 1, 3, 3;
    %load/vec4 v0x5636bcd06d20_0;
    %parti/s 1, 2, 3;
    %and;
    %load/vec4 v0x5636bcd06fe0_0;
    %parti/s 1, 3, 3;
    %or;
    %ix/load 4, 3, 0;
    %flag_set/imm 4, 0;
    %store/vec4 v0x5636bcd06d20_0, 4, 1;
    %load/vec4 v0x5636bcd070c0_0;
    %load/vec4 v0x5636bcd06d20_0;
    %xor;
    %store/vec4 v0x5636bcd071a0_0, 0, 4;
    %load/vec4 v0x5636bcd06d20_0;
    %parti/s 1, 3, 3;
    %store/vec4 v0x5636bcd06e10_0, 0, 1;
    %jmp T_1;
    .thread T_1;
# The file index is used to find the file name in the following table.
:file_names 3;
    "N/A";
    "<interactive>";
    "add.v";
